<?xml version="1.0" encoding="UTF-8"?>
<!-- Generated by org.testng.reporters.JUnitReportReporter -->
<testsuite hostname="Vigneshwaran" failures="0" tests="1" name="Package_FacebookTestcases.Testcase1" time="7.127" errors="0" timestamp="2024-07-06T23:09:35 IST" skipped="0">
  <testcase classname="Package_FacebookTestcases.Testcase1" name="login_to_facebook_using_valid_credentials" time="7.127"/>
  <system-out/>
</testsuite> <!-- Package_FacebookTestcases.Testcase1 -->
