<?xml version="1.0" encoding="UTF-8"?>
<!-- Generated by org.testng.reporters.JUnitReportReporter -->
<testsuite hostname="Vigneshwaran" failures="0" tests="1" name="Maven_Amazon.Maven_AmazonTestcases.Testcase5" time="38.986" errors="0" timestamp="2024-07-05T18:19:02 IST" skipped="0">
  <testcase classname="Maven_Amazon.Maven_AmazonTestcases.Testcase5" name="Login_Search_ClickFirstProduct_AddToWishlist_AddToCart_SelectAddress" time="38.986"/>
  <system-out/>
</testsuite> <!-- Maven_Amazon.Maven_AmazonTestcases.Testcase5 -->
