<?xml version="1.0" encoding="UTF-8"?>
<!-- Generated by org.testng.reporters.JUnitReportReporter -->
<testsuite hostname="Vigneshwaran" failures="0" tests="1" name="Maven_Amazon.Maven_AmazonTestcases.Testcase1" time="17.048" errors="0" timestamp="2024-07-09T16:36:31 IST" skipped="0">
  <testcase classname="Maven_Amazon.Maven_AmazonTestcases.Testcase1" name="Login_to_Search" time="17.048"/>
  <system-out>
    <![CDATA[Testcase Passed]]>
  </system-out>
</testsuite> <!-- Maven_Amazon.Maven_AmazonTestcases.Testcase1 -->
