<?xml version="1.0" encoding="UTF-8"?>
<!-- Generated by org.testng.reporters.JUnitReportReporter -->
<testsuite hostname="Vigneshwaran" failures="0" tests="1" name="Maven_Amazon.Maven_AmazonTestcases.Testcase4" time="27.640" errors="0" timestamp="2024-07-05T17:42:48 IST" skipped="0">
  <testcase classname="Maven_Amazon.Maven_AmazonTestcases.Testcase4" name="Login_Search_ClickFirstProduct_AddToWishlist_AddToCart" time="27.640"/>
  <system-out/>
</testsuite> <!-- Maven_Amazon.Maven_AmazonTestcases.Testcase4 -->
