<?xml version="1.0" encoding="UTF-8"?>
<!-- Generated by org.testng.reporters.JUnitReportReporter -->
<testsuite hostname="Vigneshwaran" failures="0" tests="1" name="Maven_Amazon.Maven_AmazonTestcases.Testcase2" time="15.523" errors="0" timestamp="2024-07-04T19:13:56 IST" skipped="0">
  <testcase classname="Maven_Amazon.Maven_AmazonTestcases.Testcase2" name="Login_Search_ClickFirstProduct" time="15.523"/>
  <system-out/>
</testsuite> <!-- Maven_Amazon.Maven_AmazonTestcases.Testcase2 -->
