<?xml version="1.0" encoding="UTF-8"?>
<!-- Generated by org.testng.reporters.JUnitReportReporter -->
<testsuite hostname="Vigneshwaran" failures="0" tests="1" name="Maven_Amazon.Maven_AmazonTestcases.Testcase4" time="32.928" errors="0" timestamp="2024-07-09T16:36:31 IST" skipped="0">
  <testcase classname="Maven_Amazon.Maven_AmazonTestcases.Testcase4" name="Login_Search_ClickFirstProduct_AddToWishlist_AddToCart" time="32.928"/>
  <system-out>
    <![CDATA[Testcase Passed]]>
  </system-out>
</testsuite> <!-- Maven_Amazon.Maven_AmazonTestcases.Testcase4 -->
