<?xml version="1.0" encoding="UTF-8"?>
<!-- Generated by org.testng.reporters.JUnitReportReporter -->
<testsuite hostname="Vigneshwaran" failures="0" tests="1" name="Maven_Amazon.Maven_AmazonTestcases.Testcase5" time="44.365" errors="0" timestamp="2024-07-09T16:36:31 IST" skipped="0">
  <testcase classname="Maven_Amazon.Maven_AmazonTestcases.Testcase5" name="Login_Search_ClickFirstProduct_AddToWishlist_AddToCart_SelectAddress" time="44.365"/>
  <system-out>
    <![CDATA[Testcase Passed]]>
  </system-out>
</testsuite> <!-- Maven_Amazon.Maven_AmazonTestcases.Testcase5 -->
