<?xml version="1.0" encoding="UTF-8"?>
<!-- Generated by org.testng.reporters.JUnitReportReporter -->
<testsuite hostname="Vigneshwaran" failures="0" tests="1" name="AmazonLoginToLogout.Prog4" time="34.792" errors="0" timestamp="2024-06-13T18:27:00 IST" skipped="0">
  <testcase classname="AmazonLoginToLogout.Prog4" name="Amazon_Login_Search_Wishlist_Cart" time="34.792"/>
  <system-out/>
</testsuite> <!-- AmazonLoginToLogout.Prog4 -->
