<?xml version="1.0" encoding="UTF-8"?>
<!-- Generated by org.testng.reporters.JUnitReportReporter -->
<testsuite hostname="Vigneshwaran" failures="0" tests="3" name="AmazonScenarios_ParallelTesting.Scenario6" time="184.675" errors="0" timestamp="2024-06-21T15:09:13 IST" skipped="0">
  <testcase classname="AmazonScenarios_ParallelTesting.Scenario6" name="Testcase6" time="59.496"/>
  <system-out/>
  <testcase classname="AmazonScenarios_ParallelTesting.Scenario6" name="Testcase6" time="57.807"/>
  <system-out/>
  <testcase classname="AmazonScenarios_ParallelTesting.Scenario6" name="Testcase6" time="67.372"/>
  <system-out/>
</testsuite> <!-- AmazonScenarios_ParallelTesting.Scenario6 -->
