<?xml version="1.0" encoding="UTF-8"?>
<!-- Generated by org.testng.reporters.JUnitReportReporter -->
<testsuite hostname="Vigneshwaran" failures="0" tests="1" name="SeleniumProgram.TestCase1" time="10.941" errors="0" timestamp="2024-06-12T19:50:29 IST" skipped="0">
  <testcase classname="SeleniumProgram.TestCase1" name="login_to_amazon" time="10.941"/>
  <system-out/>
</testsuite> <!-- SeleniumProgram.TestCase1 -->
