<?xml version="1.0" encoding="UTF-8"?>
<!-- Generated by org.testng.reporters.JUnitReportReporter -->
<testsuite hostname="Vigneshwaran" failures="0" tests="1" name="SeleniumProgram.Assertion_GoogleSearchPgm1" time="9.560" errors="0" timestamp="2024-07-01T12:29:02 IST" skipped="0">
  <testcase classname="SeleniumProgram.Assertion_GoogleSearchPgm1" name="Googlesearch" time="9.560"/>
  <system-out>
    <![CDATA[Successfully searched]]>
  </system-out>
</testsuite> <!-- SeleniumProgram.Assertion_GoogleSearchPgm1 -->
