<?xml version="1.0" encoding="UTF-8"?>
<!-- Generated by org.testng.reporters.JUnitReportReporter -->
<testsuite hostname="Vigneshwaran" failures="0" tests="1" name="AmazonLoginToLogout.Prog1" time="10.591" errors="0" timestamp="2024-06-13T18:27:00 IST" skipped="0">
  <testcase classname="AmazonLoginToLogout.Prog1" name="Amazon_Login" time="10.591"/>
  <system-out/>
</testsuite> <!-- AmazonLoginToLogout.Prog1 -->
