<?xml version="1.0" encoding="UTF-8"?>
<!-- Generated by org.testng.reporters.JUnitReportReporter -->
<testsuite hostname="Vigneshwaran" failures="0" tests="3" name="SeleniumProgram.TestAnnotations_AlphabeticalOrderOfExecution" time="0.022" errors="0" timestamp="2024-06-14T13:14:52 IST" skipped="0">
  <testcase classname="SeleniumProgram.TestAnnotations_AlphabeticalOrderOfExecution" name="add" time="0.015"/>
  <system-out/>
  <testcase classname="SeleniumProgram.TestAnnotations_AlphabeticalOrderOfExecution" name="sub" time="0.005"/>
  <system-out/>
  <testcase classname="SeleniumProgram.TestAnnotations_AlphabeticalOrderOfExecution" name="mul" time="0.002"/>
  <system-out/>
</testsuite> <!-- SeleniumProgram.TestAnnotations_AlphabeticalOrderOfExecution -->
