<?xml version="1.0" encoding="UTF-8"?>
<!-- Generated by org.testng.reporters.JUnitReportReporter -->
<testsuite hostname="Vigneshwaran" failures="0" tests="1" name="AmazonLoginToLogout.Prog5" time="45.095" errors="0" timestamp="2024-06-17T15:31:54 IST" skipped="0">
  <testcase classname="AmazonLoginToLogout.Prog5" name="Amazon_Login_Search_Wishlist_Cart_Logout" time="45.095"/>
  <system-out/>
</testsuite> <!-- AmazonLoginToLogout.Prog5 -->
