<?xml version="1.0" encoding="UTF-8"?>
<!-- Generated by org.testng.reporters.JUnitReportReporter -->
<testsuite hostname="Vigneshwaran" failures="0" tests="6" name="SeleniumProgram.DataProviderAnnotation" time="0.037" errors="0" timestamp="2024-06-21T17:51:52 IST" skipped="0">
  <testcase classname="SeleniumProgram.DataProviderAnnotation" name="testcase1" time="0.010"/>
  <system-out/>
  <testcase classname="SeleniumProgram.DataProviderAnnotation" name="testcase1" time="0.002"/>
  <system-out/>
  <testcase classname="SeleniumProgram.DataProviderAnnotation" name="testcase1" time="0.019"/>
  <system-out/>
  <testcase classname="SeleniumProgram.DataProviderAnnotation" name="testcase1" time="0.002"/>
  <system-out/>
  <testcase classname="SeleniumProgram.DataProviderAnnotation" name="testcase1" time="0.003"/>
  <system-out/>
  <testcase classname="SeleniumProgram.DataProviderAnnotation" name="testcase1" time="0.001"/>
  <system-out/>
</testsuite> <!-- SeleniumProgram.DataProviderAnnotation -->
