<?xml version="1.0" encoding="UTF-8"?>
<!-- Generated by org.testng.reporters.JUnitReportReporter -->
<testsuite hostname="Vigneshwaran" failures="0" tests="1" name="AmazonScenarios_Assertion.Assertion_Scenario10" time="19.784" errors="0" timestamp="2024-06-27T14:03:32 IST" skipped="0">
  <testcase classname="AmazonScenarios_Assertion.Assertion_Scenario10" name="scenario10" time="19.784"/>
  <system-out/>
</testsuite> <!-- AmazonScenarios_Assertion.Assertion_Scenario10 -->
