<?xml version="1.0" encoding="UTF-8"?>
<!-- Generated by org.testng.reporters.JUnitReportReporter -->
<testsuite hostname="Vigneshwaran" failures="0" tests="1" name="Listeners.Testcase1" time="17.294" errors="0" timestamp="2024-07-01T12:53:28 IST" skipped="0">
  <testcase classname="Listeners.Testcase1" name="scenario1" time="17.294"/>
  <system-out>
    <![CDATA[Testcase Passed]]>
  </system-out>
</testsuite> <!-- Listeners.Testcase1 -->
