<?xml version="1.0" encoding="UTF-8"?>
<!-- Generated by org.testng.reporters.JUnitReportReporter -->
<testsuite hostname="Vigneshwaran" failures="0" tests="6" name="SeleniumProgram.DataProviderAnnotation_IntDatatype" time="0.024" errors="0" timestamp="2024-06-21T18:23:35 IST" skipped="0">
  <testcase classname="SeleniumProgram.DataProviderAnnotation_IntDatatype" name="testcase1" time="0.003"/>
  <system-out/>
  <testcase classname="SeleniumProgram.DataProviderAnnotation_IntDatatype" name="testcase1" time="0.003"/>
  <system-out/>
  <testcase classname="SeleniumProgram.DataProviderAnnotation_IntDatatype" name="testcase1" time="0.012"/>
  <system-out/>
  <testcase classname="SeleniumProgram.DataProviderAnnotation_IntDatatype" name="testcase1" time="0.003"/>
  <system-out/>
  <testcase classname="SeleniumProgram.DataProviderAnnotation_IntDatatype" name="testcase1" time="0.001"/>
  <system-out/>
  <testcase classname="SeleniumProgram.DataProviderAnnotation_IntDatatype" name="testcase1" time="0.002"/>
  <system-out/>
</testsuite> <!-- SeleniumProgram.DataProviderAnnotation_IntDatatype -->
