<?xml version="1.0" encoding="UTF-8"?>
<!-- Generated by org.testng.reporters.JUnitReportReporter -->
<testsuite hostname="Vigneshwaran" failures="0" tests="1" name="SeleniumProgram.Grouping_Testcases" time="0.013" errors="0" timestamp="2024-06-21T19:50:19 IST" skipped="0">
  <testcase classname="SeleniumProgram.Grouping_Testcases" name="Testcase3" time="0.013"/>
  <system-out/>
</testsuite> <!-- SeleniumProgram.Grouping_Testcases -->
