<?xml version="1.0" encoding="UTF-8"?>
<!-- Generated by org.testng.reporters.JUnitReportReporter -->
<testsuite hostname="Vigneshwaran" failures="0" tests="3" name="AmazonScenarios_ParallelTesting.Scenario9" time="140.602" errors="0" timestamp="2024-06-21T15:09:13 IST" skipped="0">
  <testcase classname="AmazonScenarios_ParallelTesting.Scenario9" name="Testcase9" time="43.793"/>
  <system-out/>
  <testcase classname="AmazonScenarios_ParallelTesting.Scenario9" name="Testcase9" time="65.752"/>
  <system-out/>
  <testcase classname="AmazonScenarios_ParallelTesting.Scenario9" name="Testcase9" time="31.057"/>
  <system-out/>
</testsuite> <!-- AmazonScenarios_ParallelTesting.Scenario9 -->
