<?xml version="1.0" encoding="UTF-8"?>
<!-- Generated by org.testng.reporters.JUnitReportReporter -->
<testsuite hostname="Vigneshwaran" failures="0" tests="3" name="SeleniumProgram.Annotations_3Test_1BM_1AM" time="0.029" errors="0" timestamp="2024-06-14T12:47:31 IST" skipped="0">
  <testcase classname="SeleniumProgram.Annotations_3Test_1BM_1AM" name="TestCase2" time="0.007"/>
  <system-out/>
  <testcase classname="SeleniumProgram.Annotations_3Test_1BM_1AM" name="TestCase3" time="0.012"/>
  <system-out/>
  <testcase classname="SeleniumProgram.Annotations_3Test_1BM_1AM" name="TestCase1" time="0.010"/>
  <system-out/>
</testsuite> <!-- SeleniumProgram.Annotations_3Test_1BM_1AM -->
