<?xml version="1.0" encoding="UTF-8"?>
<!-- Generated by org.testng.reporters.JUnitReportReporter -->
<testsuite hostname="Vigneshwaran" failures="0" tests="1" name="SeleniumProgram.JavascriptExecutor_ScrollDownProg" time="9.316" errors="0" timestamp="2024-07-06T23:21:24 IST" skipped="0">
  <testcase classname="SeleniumProgram.JavascriptExecutor_ScrollDownProg" name="scrolldown" time="9.316"/>
  <system-out/>
</testsuite> <!-- SeleniumProgram.JavascriptExecutor_ScrollDownProg -->
