<?xml version="1.0" encoding="UTF-8"?>
<!-- Generated by org.testng.reporters.JUnitReportReporter -->
<testsuite hostname="Vigneshwaran" failures="0" tests="3" name="SeleniumProgram.ExecutionOfAllNineAnnotations_WithThreeTestcases" time="0.021" errors="0" timestamp="2024-06-13T20:05:32 IST" skipped="0">
  <testcase classname="SeleniumProgram.ExecutionOfAllNineAnnotations_WithThreeTestcases" name="testcase1" time="0.011"/>
  <system-out/>
  <testcase classname="SeleniumProgram.ExecutionOfAllNineAnnotations_WithThreeTestcases" name="testcase3" time="0.008"/>
  <system-out/>
  <testcase classname="SeleniumProgram.ExecutionOfAllNineAnnotations_WithThreeTestcases" name="testcase2" time="0.002"/>
  <system-out/>
</testsuite> <!-- SeleniumProgram.ExecutionOfAllNineAnnotations_WithThreeTestcases -->
