<?xml version="1.0" encoding="UTF-8"?>
<!-- Generated by org.testng.reporters.JUnitReportReporter -->
<testsuite hostname="Vigneshwaran" failures="0" tests="1" name="SeleniumProgram.TimeOut_Parameter" time="4.935" errors="0" timestamp="2024-07-06T23:05:29 IST" skipped="0">
  <testcase classname="SeleniumProgram.TimeOut_Parameter" name="testcase1" time="4.935"/>
  <system-out/>
</testsuite> <!-- SeleniumProgram.TimeOut_Parameter -->
