<?xml version="1.0" encoding="UTF-8"?>
<!-- Generated by org.testng.reporters.JUnitReportReporter -->
<testsuite hostname="Vigneshwaran" failures="0" tests="1" name="SeleniumProgram.AmazonScenariosTesting" time="16.792" errors="0" timestamp="2024-06-26T11:44:19 IST" skipped="0">
  <testcase classname="SeleniumProgram.AmazonScenariosTesting" name="Testcase" time="16.792"/>
  <system-out/>
</testsuite> <!-- SeleniumProgram.AmazonScenariosTesting -->
