<?xml version="1.0" encoding="UTF-8"?>
<!-- Generated by org.testng.reporters.JUnitReportReporter -->
<testsuite hostname="Vigneshwaran" failures="0" tests="5" name="SeleniumProgram.DataProvider_AmazonLogin_5setofdata" time="38.715" errors="0" timestamp="2024-06-26T16:07:00 IST" skipped="0">
  <testcase classname="SeleniumProgram.DataProvider_AmazonLogin_5setofdata" name="Launch" time="6.886"/>
  <system-out/>
  <testcase classname="SeleniumProgram.DataProvider_AmazonLogin_5setofdata" name="Launch" time="6.839"/>
  <system-out/>
  <testcase classname="SeleniumProgram.DataProvider_AmazonLogin_5setofdata" name="Launch" time="7.746"/>
  <system-out/>
  <testcase classname="SeleniumProgram.DataProvider_AmazonLogin_5setofdata" name="Launch" time="8.309"/>
  <system-out/>
  <testcase classname="SeleniumProgram.DataProvider_AmazonLogin_5setofdata" name="Launch" time="8.935"/>
  <system-out/>
</testsuite> <!-- SeleniumProgram.DataProvider_AmazonLogin_5setofdata -->
