<?xml version="1.0" encoding="UTF-8"?>
<!-- Generated by org.testng.reporters.JUnitReportReporter -->
<testsuite hostname="Vigneshwaran" failures="0" tests="1" name="AmazonScenarios_Assertion.Assertion_Scenario8" time="32.458" errors="0" timestamp="2024-06-27T14:03:32 IST" skipped="0">
  <testcase classname="AmazonScenarios_Assertion.Assertion_Scenario8" name="scenario8" time="32.458"/>
  <system-out/>
</testsuite> <!-- AmazonScenarios_Assertion.Assertion_Scenario8 -->
