<?xml version="1.0" encoding="UTF-8"?>
<!-- Generated by org.testng.reporters.JUnitReportReporter -->
<testsuite hostname="Vigneshwaran" failures="0" tests="1" name="AmazonScenarios_Assertion.Assertion_Scenario2" time="17.998" errors="0" timestamp="2024-07-06T22:35:52 IST" skipped="0">
  <testcase classname="AmazonScenarios_Assertion.Assertion_Scenario2" name="scenario2" time="17.998"/>
  <system-out/>
</testsuite> <!-- AmazonScenarios_Assertion.Assertion_Scenario2 -->
