<?xml version="1.0" encoding="UTF-8"?>
<!-- Generated by org.testng.reporters.JUnitReportReporter -->
<testsuite hostname="Vigneshwaran" failures="0" tests="3" name="SeleniumProgram.TestAnnotations_PriorityParameter" time="0.021" errors="0" timestamp="2024-06-14T13:40:32 IST" skipped="0">
  <testcase classname="SeleniumProgram.TestAnnotations_PriorityParameter" name="sub" time="0.016"/>
  <system-out/>
  <testcase classname="SeleniumProgram.TestAnnotations_PriorityParameter" name="mul" time="0.003"/>
  <system-out/>
  <testcase classname="SeleniumProgram.TestAnnotations_PriorityParameter" name="add" time="0.002"/>
  <system-out/>
</testsuite> <!-- SeleniumProgram.TestAnnotations_PriorityParameter -->
