<?xml version="1.0" encoding="UTF-8"?>
<!-- Generated by org.testng.reporters.JUnitReportReporter -->
<testsuite hostname="Vigneshwaran" failures="0" tests="1" name="SeleniumProgram.Assertion_AmazonLogin" time="15.696" errors="0" timestamp="2024-06-26T14:46:01 IST" skipped="0">
  <testcase classname="SeleniumProgram.Assertion_AmazonLogin" name="Amazonlogin" time="15.696"/>
  <system-out/>
</testsuite> <!-- SeleniumProgram.Assertion_AmazonLogin -->
