<?xml version="1.0" encoding="UTF-8"?>
<!-- Generated by org.testng.reporters.JUnitReportReporter -->
<testsuite hostname="Vigneshwaran" failures="0" tests="1" name="SeleniumProgram.TestCase1_Amazon_Login_ImplicitWait" time="9.119" errors="0" timestamp="2024-07-05T22:15:26 IST" skipped="0">
  <testcase classname="SeleniumProgram.TestCase1_Amazon_Login_ImplicitWait" name="login_to_amazon" time="9.119"/>
  <system-out/>
</testsuite> <!-- SeleniumProgram.TestCase1_Amazon_Login_ImplicitWait -->
