<?xml version="1.0" encoding="UTF-8"?>
<!-- Generated by org.testng.reporters.JUnitReportReporter -->
<testsuite hostname="Vigneshwaran" failures="0" tests="5" name="SeleniumProgram.DataProvider_FacebookRegistration" time="46.111" errors="0" timestamp="2024-06-24T19:14:54 IST" skipped="0">
  <testcase classname="SeleniumProgram.DataProvider_FacebookRegistration" name="facebook_registration" time="10.505"/>
  <system-out/>
  <testcase classname="SeleniumProgram.DataProvider_FacebookRegistration" name="facebook_registration" time="8.639"/>
  <system-out/>
  <testcase classname="SeleniumProgram.DataProvider_FacebookRegistration" name="facebook_registration" time="8.248"/>
  <system-out/>
  <testcase classname="SeleniumProgram.DataProvider_FacebookRegistration" name="facebook_registration" time="10.540"/>
  <system-out/>
  <testcase classname="SeleniumProgram.DataProvider_FacebookRegistration" name="facebook_registration" time="8.179"/>
  <system-out/>
</testsuite> <!-- SeleniumProgram.DataProvider_FacebookRegistration -->
