<?xml version="1.0" encoding="UTF-8"?>
<!-- Generated by org.testng.reporters.JUnitReportReporter -->
<testsuite hostname="Vigneshwaran" failures="0" tests="3" name="SeleniumProgram.TestAnnotations_EnabledParameter" time="0.015" errors="0" timestamp="2024-06-14T13:49:45 IST" skipped="1">
  <testcase classname="SeleniumProgram.TestAnnotations_EnabledParameter" name="registration" time="0.014"/>
  <system-out/>
  <testcase classname="SeleniumProgram.TestAnnotations_EnabledParameter" name="login" time="0.001"/>
  <system-out/>
  <testcase classname="SeleniumProgram.TestAnnotations_EnabledParameter" name="logout">
    <skipped/>
  </testcase> <!-- logout -->
  <system-out/>
</testsuite> <!-- SeleniumProgram.TestAnnotations_EnabledParameter -->
