<?xml version="1.0" encoding="UTF-8"?>
<!-- Generated by org.testng.reporters.JUnitReportReporter -->
<testsuite hostname="Vigneshwaran" failures="0" tests="1" name="AmazonScenarios_Assertion.Assertion_Scenario9" time="20.837" errors="0" timestamp="2024-06-27T18:26:06 IST" skipped="0">
  <testcase classname="AmazonScenarios_Assertion.Assertion_Scenario9" name="scenario9" time="20.837"/>
  <system-out/>
</testsuite> <!-- AmazonScenarios_Assertion.Assertion_Scenario9 -->
