<?xml version="1.0" encoding="UTF-8"?>
<!-- Generated by org.testng.reporters.JUnitReportReporter -->
<testsuite hostname="Vigneshwaran" failures="0" tests="4" name="SeleniumProgram.TestAnnotations_invocationCountParameter" time="0.020" errors="0" timestamp="2024-06-14T13:55:31 IST" skipped="0">
  <testcase classname="SeleniumProgram.TestAnnotations_invocationCountParameter" name="registration" time="0.013"/>
  <system-out/>
  <testcase classname="SeleniumProgram.TestAnnotations_invocationCountParameter" name="login" time="0.002"/>
  <system-out/>
  <testcase classname="SeleniumProgram.TestAnnotations_invocationCountParameter" name="login" time="0.003"/>
  <system-out/>
  <testcase classname="SeleniumProgram.TestAnnotations_invocationCountParameter" name="login" time="0.002"/>
  <system-out/>
</testsuite> <!-- SeleniumProgram.TestAnnotations_invocationCountParameter -->
