<?xml version="1.0" encoding="UTF-8"?>
<!-- Generated by org.testng.reporters.JUnitReportReporter -->
<testsuite hostname="Vigneshwaran" failures="0" tests="3" name="AmazonScenarios_ParallelTesting.Scenario10" time="158.110" errors="0" timestamp="2024-06-21T15:09:13 IST" skipped="0">
  <testcase classname="AmazonScenarios_ParallelTesting.Scenario10" name="Testcase10" time="70.384"/>
  <system-out/>
  <testcase classname="AmazonScenarios_ParallelTesting.Scenario10" name="Testcase10" time="51.983"/>
  <system-out/>
  <testcase classname="AmazonScenarios_ParallelTesting.Scenario10" name="Testcase10" time="35.743"/>
  <system-out/>
</testsuite> <!-- AmazonScenarios_ParallelTesting.Scenario10 -->
