<?xml version="1.0" encoding="UTF-8"?>
<!-- Generated by org.testng.reporters.JUnitReportReporter -->
<testsuite hostname="Vigneshwaran" failures="0" tests="1" name="AmazonLoginToLogout.Prog3" time="31.834" errors="0" timestamp="2024-06-13T18:27:00 IST" skipped="0">
  <testcase classname="AmazonLoginToLogout.Prog3" name="Amazon_Login_Search_Wishlist" time="31.834"/>
  <system-out/>
</testsuite> <!-- AmazonLoginToLogout.Prog3 -->
