<?xml version="1.0" encoding="UTF-8"?>
<!-- Generated by org.testng.reporters.JUnitReportReporter -->
<testsuite hostname="Vigneshwaran" failures="0" tests="1" name="SeleniumProgram.ExecutionOfAllNineAnnotations" time="0.010" errors="0" timestamp="2024-06-13T19:29:26 IST" skipped="0">
  <testcase classname="SeleniumProgram.ExecutionOfAllNineAnnotations" name="testcase1" time="0.010"/>
  <system-out/>
</testsuite> <!-- SeleniumProgram.ExecutionOfAllNineAnnotations -->
