<?xml version="1.0" encoding="UTF-8"?>
<!-- Generated by org.testng.reporters.JUnitReportReporter -->
<testsuite hostname="Vigneshwaran" failures="0" tests="3" name="SeleniumProgram.TestAnnotations_All3Parameters" time="0.022" errors="0" timestamp="2024-06-14T14:04:00 IST" skipped="0">
  <testcase classname="SeleniumProgram.TestAnnotations_All3Parameters" name="registration" time="0.015"/>
  <system-out/>
  <testcase classname="SeleniumProgram.TestAnnotations_All3Parameters" name="registration" time="0.003"/>
  <system-out/>
  <testcase classname="SeleniumProgram.TestAnnotations_All3Parameters" name="login" time="0.004"/>
  <system-out/>
</testsuite> <!-- SeleniumProgram.TestAnnotations_All3Parameters -->
