<?xml version="1.0" encoding="UTF-8"?>
<!-- Generated by org.testng.reporters.JUnitReportReporter -->
<testsuite hostname="Vigneshwaran" failures="0" tests="1" name="SeleniumProgram.JavascriptExecutor_Prog1" time="9.439" errors="0" timestamp="2024-07-05T20:58:20 IST" skipped="0">
  <testcase classname="SeleniumProgram.JavascriptExecutor_Prog1" name="scrolldown" time="9.439"/>
  <system-out/>
</testsuite> <!-- SeleniumProgram.JavascriptExecutor_Prog1 -->
