<?xml version="1.0" encoding="UTF-8"?>
<!-- Generated by org.testng.reporters.JUnitReportReporter -->
<testsuite hostname="Vigneshwaran" failures="0" tests="1" name="SeleniumProgram.Assertion_AmazonLogin_HomepageTitle" time="14.169" errors="0" timestamp="2024-06-26T16:11:12 IST" skipped="0">
  <testcase classname="SeleniumProgram.Assertion_AmazonLogin_HomepageTitle" name="Amazon" time="14.169"/>
  <system-out/>
</testsuite> <!-- SeleniumProgram.Assertion_AmazonLogin_HomepageTitle -->
