<?xml version="1.0" encoding="UTF-8"?>
<!-- Generated by org.testng.reporters.JUnitReportReporter -->
<testsuite hostname="Vigneshwaran" failures="0" tests="3" name="GoogleSearch_Testing.Google_Search" time="60.625" errors="0" timestamp="2024-06-21T19:38:06 IST" skipped="0">
  <testcase classname="GoogleSearch_Testing.Google_Search" name="SearchGoogle" time="17.213"/>
  <system-out/>
  <testcase classname="GoogleSearch_Testing.Google_Search" name="SearchGoogle" time="23.476"/>
  <system-out/>
  <testcase classname="GoogleSearch_Testing.Google_Search" name="SearchGoogle" time="19.936"/>
  <system-out/>
</testsuite> <!-- GoogleSearch_Testing.Google_Search -->
