<?xml version="1.0" encoding="UTF-8"?>
<!-- Generated by org.testng.reporters.JUnitReportReporter -->
<testsuite hostname="Vigneshwaran" failures="0" tests="1" name="SeleniumProgram.SoftAssert_Program" time="18.229" errors="0" timestamp="2024-07-06T23:43:52 IST" skipped="0">
  <testcase classname="SeleniumProgram.SoftAssert_Program" name="SoftAssert" time="18.229"/>
  <system-out/>
</testsuite> <!-- SeleniumProgram.SoftAssert_Program -->
